<?xml version="1.0" encoding="UTF-8"?>
<testsuite xmlns:xsi="http://www.w3.org/2001/XMLSchema-instance" xsi:noNamespaceSchemaLocation="https://maven.apache.org/surefire/maven-surefire-plugin/xsd/surefire-test-report-3.0.xsd" version="3.0" name="fr.epsi.service.CommandeServiceTest" time="0.127" tests="15" errors="0" skipped="0" failures="0">
  <properties>
[...]
</properties>
  <testcase name="calculerTVA_MontantNegatif_LeveException" classname="fr.epsi.service.CommandeServiceTest" time="0.016"/>
  <testcase name="appliquerRemise_RemiseSupCent_LeveException" classname="fr.epsi.service.CommandeServiceTest" time="0.018"/>
  <testcase name="categoriser_CentCinquanteEuros_RetourneMoyenne" classname="fr.epsi.service.CommandeServiceTest" time="0.013"/>
  <testcase name="calculerTotal_PanierVide_LeveException" classname="fr.epsi.service.CommandeServiceTest" time="0.004"/>
  <testcase name="calculerTotal_PlusieursArticles_RetourneSomme" classname="fr.epsi.service.CommandeServiceTest" time="0.003"/>
  <testcase name="calculerTVA_CentEuros_RetourneVingt" classname="fr.epsi.service.CommandeServiceTest" time="0.005"/>
  <testcase name="calculerTotal_PanierNull_LeveException" classname="fr.epsi.service.CommandeServiceTest" time="0.003"/>
  <testcase name="calculerTVA_Zero_RetourneZero" classname="fr.epsi.service.CommandeServiceTest" time="0.004"/>
  <testcase name="appliquerRemise_DixPourcent_RetourneQuatreVingtDix" classname="fr.epsi.service.CommandeServiceTest" time="0.001"/>
  <testcase name="appliquerRemise_RemiseNegative_LeveException" classname="fr.epsi.service.CommandeServiceTest" time="0.003"/>
  <testcase name="categoriser_CinqCentsEuros_RetourneGrande" classname="fr.epsi.service.CommandeServiceTest" time="0.002"/>
  <testcase name="calculerTotal_TroisStylos_RetourneSix" classname="fr.epsi.service.CommandeServiceTest" time="0.003"/>
  <testcase name="categoriser_TrenteEuros_RetournePetite" classname="fr.epsi.service.CommandeServiceTest" time="0.001"/>
  <testcase name="calculerTVA_MontantDecimal_RetourneArrondi" classname="fr.epsi.service.CommandeServiceTest" time="0.001"/>
  <testcase name="appliquerRemise_ZeroPourcent_RetourneTotalInchange" classname="fr.epsi.service.CommandeServiceTest" time="0.002"/>
</testsuite>